
> inventory-cf@0.1.0 build
> vite build

[36mvite v5.4.21 [32mbuilding for production...[36m[39m
transforming...
[32m✓[39m 1978 modules transformed.
rendering chunks...
computing gzip size...
[2mdist/[22m[32mindex.html                                          [39m[1m[2m  0.99 kB[22m[1m[22m[2m │ gzip:   0.51 kB[22m
[2mdist/[22m[2massets/[22m[35mMonitorTx-BVy_dZRz.css                       [39m[1m[2m  0.04 kB[22m[1m[22m[2m │ gzip:   0.06 kB[22m
[2mdist/[22m[2massets/[22m[35mMonitorAssetOperationDialog-BJhlHg8B.css     [39m[1m[2m  0.06 kB[22m[1m[22m[2m │ gzip:   0.08 kB[22m
[2mdist/[22m[2massets/[22m[35mPcRecycle-BDROqoS9.css                       [39m[1m[2m  0.08 kB[22m[1m[22m[2m │ gzip:   0.09 kB[22m
[2mdist/[22m[2massets/[22m[35mWarehouseSelect-BFIJ5nJL.css                 [39m[1m[2m  0.08 kB[22m[1m[22m[2m │ gzip:   0.10 kB[22m
[2mdist/[22m[2massets/[22m[35mSystemReleaseCheck-DxqEdM6G.css              [39m[1m[2m  0.13 kB[22m[1m[22m[2m │ gzip:   0.14 kB[22m
[2mdist/[22m[2massets/[22m[35mPcAssetInfoDialog-14FkOZuZ.css               [39m[1m[2m  0.14 kB[22m[1m[22m[2m │ gzip:   0.12 kB[22m
[2mdist/[22m[2massets/[22m[35mMonitorAssetInfoDialog-CWdW0uyd.css          [39m[1m[2m  0.14 kB[22m[1m[22m[2m │ gzip:   0.12 kB[22m
[2mdist/[22m[2massets/[22m[35mMonitorLocationManagerDialog-DFs0cBHK.css    [39m[1m[2m  0.17 kB[22m[1m[22m[2m │ gzip:   0.13 kB[22m
[2mdist/[22m[2massets/[22m[35mLazyMountBlock-uqgSIbFR.css                  [39m[1m[2m  0.27 kB[22m[1m[22m[2m │ gzip:   0.19 kB[22m
[2mdist/[22m[2massets/[22m[35mSystemDocs-V_nAiwr9.css                      [39m[1m[2m  0.34 kB[22m[1m[22m[2m │ gzip:   0.21 kB[22m
[2mdist/[22m[2massets/[22m[35mBatchTx-Bo6vkNcX.css                         [39m[1m[2m  0.36 kB[22m[1m[22m[2m │ gzip:   0.18 kB[22m
[2mdist/[22m[2massets/[22m[35mAuditLog-CpZqLfRo.css                        [39m[1m[2m  2.28 kB[22m[1m[22m[2m │ gzip:   0.69 kB[22m
[2mdist/[22m[2massets/[22m[35mDashboard-CI3_BGAs.css                       [39m[1m[2m  2.44 kB[22m[1m[22m[2m │ gzip:   0.68 kB[22m
[2mdist/[22m[2massets/[22m[35mSystemSettings-BH4kMYQi.css                  [39m[1m[2m  2.44 kB[22m[1m[22m[2m │ gzip:   0.78 kB[22m
[2mdist/[22m[2massets/[22m[35mindex-C7VkUPuw.css                           [39m[1m[2m  2.65 kB[22m[1m[22m[2m │ gzip:   0.93 kB[22m
[2mdist/[22m[2massets/[22m[35mPcAssetQrDialog-DFOVaEp2.css                 [39m[1m[2m  2.95 kB[22m[1m[22m[2m │ gzip:   0.85 kB[22m
[2mdist/[22m[2massets/[22m[35mMonitorAssetQrDialog-jrkOUVHG.css            [39m[1m[2m  2.95 kB[22m[1m[22m[2m │ gzip:   0.85 kB[22m
[2mdist/[22m[2massets/[22m[35massetBulkActions-BkVVYNS4.css                [39m[1m[2m  3.10 kB[22m[1m[22m[2m │ gzip:   0.95 kB[22m
[2mdist/[22m[2massets/[22m[35mStocktake-aNRsr1ZI.css                       [39m[1m[2m  3.56 kB[22m[1m[22m[2m │ gzip:   0.98 kB[22m
[2mdist/[22m[2massets/[22m[35mPublicPcAsset-D0eLm0ct.css                   [39m[1m[2m  3.63 kB[22m[1m[22m[2m │ gzip:   1.08 kB[22m
[2mdist/[22m[2massets/[22m[35mPublicMonitorAsset-o02gT4KO.css              [39m[1m[2m  3.63 kB[22m[1m[22m[2m │ gzip:   1.08 kB[22m
[2mdist/[22m[2massets/[22m[35mPcAssets-DiVtRo1j.css                        [39m[1m[2m  3.66 kB[22m[1m[22m[2m │ gzip:   0.91 kB[22m
[2mdist/[22m[2massets/[22m[35mMonitorAssets-DfdjE1Qg.css                   [39m[1m[2m  3.73 kB[22m[1m[22m[2m │ gzip:   0.95 kB[22m
[2mdist/[22m[2massets/[22m[35mLogin-Dajybaa9.css                           [39m[1m[2m  5.05 kB[22m[1m[22m[2m │ gzip:   1.43 kB[22m
[2mdist/[22m[2massets/[22m[35melement-plus-uJMaxkmW.css                    [39m[1m[2m261.39 kB[22m[1m[22m[2m │ gzip:  34.07 kB[22m
[2mdist/[22m[2massets/[22m[36m_plugin-vue_export-helper-DlAUqK2U.js        [39m[1m[2m  0.09 kB[22m[1m[22m[2m │ gzip:   0.10 kB[22m
[2mdist/[22m[2massets/[22m[36mwarehouse-DMnHZQop.js                        [39m[1m[2m  0.15 kB[22m[1m[22m[2m │ gzip:   0.15 kB[22m
[2mdist/[22m[2massets/[22m[36mPcWarehouse-BKQAZ3AC.js                      [39m[1m[2m  0.23 kB[22m[1m[22m[2m │ gzip:   0.20 kB[22m
[2mdist/[22m[2massets/[22m[36mSystemLayout-BKQAZ3AC.js                     [39m[1m[2m  0.23 kB[22m[1m[22m[2m │ gzip:   0.20 kB[22m
[2mdist/[22m[2massets/[22m[36mpassword-BHbfsk4y.js                         [39m[1m[2m  0.26 kB[22m[1m[22m[2m │ gzip:   0.25 kB[22m
[2mdist/[22m[2massets/[22m[36mdatetime-DO5TFFQK.js                         [39m[1m[2m  1.20 kB[22m[1m[22m[2m │ gzip:   0.60 kB[22m
[2mdist/[22m[2massets/[22m[36musePagedAssetList-CZDzGIrb.js                [39m[1m[2m  1.47 kB[22m[1m[22m[2m │ gzip:   0.77 kB[22m
[2mdist/[22m[2massets/[22m[36mcameraQrRuntime-Crz3PbMg.js                  [39m[1m[2m  1.56 kB[22m[1m[22m[2m │ gzip:   0.98 kB[22m
[2mdist/[22m[2massets/[22m[36msystemSettings-Gg7aPMwd.js                   [39m[1m[2m  1.77 kB[22m[1m[22m[2m │ gzip:   0.96 kB[22m
[2mdist/[22m[2massets/[22m[36mexcel-cqfqCy6X.js                            [39m[1m[2m  1.83 kB[22m[1m[22m[2m │ gzip:   1.00 kB[22m
[2mdist/[22m[2massets/[22m[36mPcAssetBatchStatusDialog-BZwg1fq9.js         [39m[1m[2m  1.85 kB[22m[1m[22m[2m │ gzip:   1.02 kB[22m
[2mdist/[22m[2massets/[22m[36mMonitorAssetBatchStatusDialog-BIBItFtE.js    [39m[1m[2m  1.85 kB[22m[1m[22m[2m │ gzip:   1.03 kB[22m
[2mdist/[22m[2massets/[22m[36mMonitorAssetBatchLocationDialog-BfA62Qs3.js  [39m[1m[2m  1.95 kB[22m[1m[22m[2m │ gzip:   1.07 kB[22m
[2mdist/[22m[2massets/[22m[36mLazyMountBlock-CRsTEY82.js                   [39m[1m[2m  1.99 kB[22m[1m[22m[2m │ gzip:   0.99 kB[22m
[2mdist/[22m[2massets/[22m[36mPcAssetBatchArchiveDialog-CHnQSHap.js        [39m[1m[2m  2.01 kB[22m[1m[22m[2m │ gzip:   1.12 kB[22m
[2mdist/[22m[2massets/[22m[36mMonitorAssetBatchArchiveDialog-pNEm5tO_.js   [39m[1m[2m  2.01 kB[22m[1m[22m[2m │ gzip:   1.12 kB[22m
[2mdist/[22m[2massets/[22m[36mMonitorAssetBatchOwnerDialog-B07ttEcE.js     [39m[1m[2m  2.33 kB[22m[1m[22m[2m │ gzip:   1.21 kB[22m
[2mdist/[22m[2massets/[22m[36mMonitorAssetOperationDialog-ByCaViRr.js      [39m[1m[2m  2.37 kB[22m[1m[22m[2m │ gzip:   1.11 kB[22m
[2mdist/[22m[2massets/[22m[36mPcAssetBatchOwnerDialog-BAR92G8J.js          [39m[1m[2m  2.44 kB[22m[1m[22m[2m │ gzip:   1.21 kB[22m
[2mdist/[22m[2massets/[22m[36mMonitorLocationManagerDialog-B2cprqDu.js     [39m[1m[2m  2.57 kB[22m[1m[22m[2m │ gzip:   1.19 kB[22m
[2mdist/[22m[2massets/[22m[36mWarehouseSelect-Bgl-dPY-.js                  [39m[1m[2m  2.58 kB[22m[1m[22m[2m │ gzip:   1.32 kB[22m
[2mdist/[22m[2massets/[22m[36mMonitorAssetFormDialog-CUHzvMLl.js           [39m[1m[2m  2.62 kB[22m[1m[22m[2m │ gzip:   1.07 kB[22m
[2mdist/[22m[2massets/[22m[36mPcAssetEditDialog-CT3fMpzc.js                [39m[1m[2m  2.93 kB[22m[1m[22m[2m │ gzip:   1.10 kB[22m
[2mdist/[22m[2massets/[22m[36mStockIn-2UrEnI-2.js                          [39m[1m[2m  3.21 kB[22m[1m[22m[2m │ gzip:   1.60 kB[22m
[2mdist/[22m[2massets/[22m[36mMonitorAssetInfoDialog-Ca-4TXkS.js           [39m[1m[2m  3.24 kB[22m[1m[22m[2m │ gzip:   1.37 kB[22m
[2mdist/[22m[2massets/[22m[36massetLedgerExportActions-6p212jM9.js         [39m[1m[2m  3.25 kB[22m[1m[22m[2m │ gzip:   0.89 kB[22m
[2mdist/[22m[2massets/[22m[36mMonitorAssetQrDialog-sdrQIMr6.js             [39m[1m[2m  3.57 kB[22m[1m[22m[2m │ gzip:   1.84 kB[22m
[2mdist/[22m[2massets/[22m[36mPcAssetQrDialog-bi1_6pll.js                  [39m[1m[2m  3.58 kB[22m[1m[22m[2m │ gzip:   1.80 kB[22m
[2mdist/[22m[2massets/[22m[36mPcAssetInfoDialog-BXI99r2b.js                [39m[1m[2m  3.60 kB[22m[1m[22m[2m │ gzip:   1.43 kB[22m
[2mdist/[22m[2massets/[22m[36mStockOut-DlrPwBWn.js                         [39m[1m[2m  3.86 kB[22m[1m[22m[2m │ gzip:   1.90 kB[22m
[2mdist/[22m[2massets/[22m[36mStockQuery-D0NHZQ5f.js                       [39m[1m[2m  4.56 kB[22m[1m[22m[2m │ gzip:   2.12 kB[22m
[2mdist/[22m[2massets/[22m[36mSystemDocs-C_mDEWlj.js                       [39m[1m[2m  4.62 kB[22m[1m[22m[2m │ gzip:   2.95 kB[22m
[2mdist/[22m[2massets/[22m[36mImportItems-BEI3xcHD.js                      [39m[1m[2m  5.33 kB[22m[1m[22m[2m │ gzip:   2.96 kB[22m
[2mdist/[22m[2massets/[22m[36mMonitorTx-QsPfx514.js                        [39m[1m[2m  5.78 kB[22m[1m[22m[2m │ gzip:   2.73 kB[22m
[2mdist/[22m[2massets/[22m[36mPcIn-CsDXjVsl.js                             [39m[1m[2m  5.80 kB[22m[1m[22m[2m │ gzip:   2.62 kB[22m
[2mdist/[22m[2massets/[22m[36mSystemHome-D4oqaBZF.js                       [39m[1m[2m  6.07 kB[22m[1m[22m[2m │ gzip:   2.78 kB[22m
[2mdist/[22m[2massets/[22m[36mPcRecycle-DmX-IYxX.js                        [39m[1m[2m  6.94 kB[22m[1m[22m[2m │ gzip:   3.17 kB[22m
[2mdist/[22m[2massets/[22m[36mItems-Bej8L0c5.js                            [39m[1m[2m  6.96 kB[22m[1m[22m[2m │ gzip:   2.86 kB[22m
[2mdist/[22m[2massets/[22m[36mLogin-D0mIrOcS.js                            [39m[1m[2m  7.02 kB[22m[1m[22m[2m │ gzip:   3.30 kB[22m
[2mdist/[22m[2massets/[22m[36mSystemPerformance-CY_mAp6V.js                [39m[1m[2m  7.35 kB[22m[1m[22m[2m │ gzip:   2.40 kB[22m
[2mdist/[22m[2massets/[22m[36mPcOut-9eQfT1wN.js                            [39m[1m[2m  7.44 kB[22m[1m[22m[2m │ gzip:   3.25 kB[22m
[2mdist/[22m[2massets/[22m[36mSystemReleaseCheck-BdzAUJFX.js               [39m[1m[2m  7.50 kB[22m[1m[22m[2m │ gzip:   3.31 kB[22m
[2mdist/[22m[2massets/[22m[36mPcInventoryLogs-98wdGJG5.js                  [39m[1m[2m  8.24 kB[22m[1m[22m[2m │ gzip:   3.61 kB[22m
[2mdist/[22m[2massets/[22m[36mMonitorInventoryLogs-WVwK5m7g.js             [39m[1m[2m  8.26 kB[22m[1m[22m[2m │ gzip:   3.59 kB[22m
[2mdist/[22m[2massets/[22m[36mPcAgeWarnings-CYmIyWrl.js                    [39m[1m[2m  8.27 kB[22m[1m[22m[2m │ gzip:   3.80 kB[22m
[2mdist/[22m[2massets/[22m[36mWarnings-AT_96xu_.js                         [39m[1m[2m  8.93 kB[22m[1m[22m[2m │ gzip:   3.62 kB[22m
[2mdist/[22m[2massets/[22m[36mPublicMonitorAsset-DYv_YyOm.js               [39m[1m[2m  9.05 kB[22m[1m[22m[2m │ gzip:   3.78 kB[22m
[2mdist/[22m[2massets/[22m[36mqrCards-heI2l9xr.js                          [39m[1m[2m  9.30 kB[22m[1m[22m[2m │ gzip:   3.59 kB[22m
[2mdist/[22m[2massets/[22m[36mPublicPcAsset-J4XTzoS3.js                    [39m[1m[2m  9.34 kB[22m[1m[22m[2m │ gzip:   3.81 kB[22m
[2mdist/[22m[2massets/[22m[36mBatchTx-BBN2ESQ4.js                          [39m[1m[2m  9.36 kB[22m[1m[22m[2m │ gzip:   4.47 kB[22m
[2mdist/[22m[2massets/[22m[36mTxList-BgUh-Mvx.js                           [39m[1m[2m  9.78 kB[22m[1m[22m[2m │ gzip:   4.35 kB[22m
[2mdist/[22m[2massets/[22m[36musePublicInventoryPage-B3pzc_uL.js           [39m[1m[2m 10.08 kB[22m[1m[22m[2m │ gzip:   4.42 kB[22m
[2mdist/[22m[2massets/[22m[36mPcTx-DZ4ErZVN.js                             [39m[1m[2m 12.86 kB[22m[1m[22m[2m │ gzip:   5.40 kB[22m
[2mdist/[22m[2massets/[22m[36mDashboard-0FNm4rlL.js                        [39m[1m[2m 15.05 kB[22m[1m[22m[2m │ gzip:   5.57 kB[22m
[2mdist/[22m[2massets/[22m[36mSystemSettings-B0sjN0L0.js                   [39m[1m[2m 16.77 kB[22m[1m[22m[2m │ gzip:   5.91 kB[22m
[2mdist/[22m[2massets/[22m[36mStocktake-CmLEYObv.js                        [39m[1m[2m 19.64 kB[22m[1m[22m[2m │ gzip:   7.57 kB[22m
[2mdist/[22m[2massets/[22m[36melement-plus-icons-BmVXR3XR.js               [39m[1m[2m 21.33 kB[22m[1m[22m[2m │ gzip:   5.33 kB[22m
[2mdist/[22m[2massets/[22m[36mUsers-SdWmIzWK.js                            [39m[1m[2m 22.54 kB[22m[1m[22m[2m │ gzip:   6.42 kB[22m
[2mdist/[22m[2massets/[22m[36massetBulkActions-Ja7njR8f.js                 [39m[1m[2m 23.72 kB[22m[1m[22m[2m │ gzip:   8.37 kB[22m
[2mdist/[22m[2massets/[22m[36mAuditLog-DGFWjZvN.js                         [39m[1m[2m 24.63 kB[22m[1m[22m[2m │ gzip:   9.39 kB[22m
[2mdist/[22m[2massets/[22m[36mvue-vendor-CScAA4W_.js                       [39m[1m[2m 25.74 kB[22m[1m[22m[2m │ gzip:  10.12 kB[22m
[2mdist/[22m[2massets/[22m[36mSystemOpsTools-Dms1TUJm.js                   [39m[1m[2m 27.15 kB[22m[1m[22m[2m │ gzip:   9.05 kB[22m
[2mdist/[22m[2massets/[22m[36mindex-DWcmpO2c.js                            [39m[1m[2m 31.37 kB[22m[1m[22m[2m │ gzip:  10.52 kB[22m
[2mdist/[22m[2massets/[22m[36mBackupRestore-RKKx6Vl4.js                    [39m[1m[2m 31.72 kB[22m[1m[22m[2m │ gzip:  10.21 kB[22m
[2mdist/[22m[2massets/[22m[36mPcAssets-nCuA7Wol.js                         [39m[1m[2m 42.94 kB[22m[1m[22m[2m │ gzip:  14.18 kB[22m
[2mdist/[22m[2massets/[22m[36mMonitorAssets-DWVOVsya.js                    [39m[1m[2m 52.72 kB[22m[1m[22m[2m │ gzip:  16.20 kB[22m
[2mdist/[22m[2massets/[22m[36mvendor-Bdsb1v07.js                           [39m[1m[2m131.37 kB[22m[1m[22m[2m │ gzip:  51.01 kB[22m
[2mdist/[22m[2massets/[22m[36mxlsx-D_0l8YDs.js                             [39m[1m[2m429.03 kB[22m[1m[22m[2m │ gzip: 143.08 kB[22m
[2mdist/[22m[2massets/[22m[36melement-plus-BMaDLT2y.js                     [39m[1m[33m858.36 kB[39m[22m[2m │ gzip: 278.00 kB[22m
[32m✓ built in 17.09s[39m
